Using pre-set license
Built from '2021.1/staging' branch; Version is '2021.1.19f1 (5f5eb8bbdc25) revision 6250168'; Using compiler version '192528614'; Build Type 'Release'
OS: 'Windows 10 Home; OS build 19042.1348; Version 2009; 64bit' Language: 'en' Physical Memory: 6080 MB
BatchMode: 1, IsHumanControllingUs: 0, StartBugReporterOnCrash: 0, Is64bit: 1, IsPro: 0

COMMAND LINE ARGUMENTS:
C:\Program Files\Unity\Hub\Editor\2021.1.19f1\Editor\Unity.exe
-adb2
-batchMode
-noUpm
-name
AssetImportWorker0
-projectPath
C:/Users/Abdul/Documents/1 GBC/Yr 3 Sem 1/Mobile Game Dev/GAME2014_A2
-logFile
Logs/AssetImportWorker0.log
-srvPort
52951
Successfully changed project path to: C:/Users/Abdul/Documents/1 GBC/Yr 3 Sem 1/Mobile Game Dev/GAME2014_A2
C:/Users/Abdul/Documents/1 GBC/Yr 3 Sem 1/Mobile Game Dev/GAME2014_A2
Using Asset Import Pipeline V2.
Refreshing native plugins compatible for Editor in 214.98 ms, found 4 plugins.
Preloading 0 native plugins for Editor in 0.00 ms.
Initialize engine version: 2021.1.19f1 (5f5eb8bbdc25)
[Subsystems] Discovering subsystems at path C:/Program Files/Unity/Hub/Editor/2021.1.19f1/Editor/Data/Resources/UnitySubsystems
[Subsystems] Discovering subsystems at path C:/Users/Abdul/Documents/1 GBC/Yr 3 Sem 1/Mobile Game Dev/GAME2014_A2/Assets
GfxDevice: creating device client; threaded=0; jobified=0
Direct3D:
    Version:  Direct3D 11.0 [level 11.1]
    Renderer: AMD Radeon(TM) Vega 8 Graphics (ID=0x15d8)
    Vendor:   ATI
    VRAM:     3040 MB
    Driver:   27.20.1016.1
Initialize mono
Mono path[0] = 'C:/Program Files/Unity/Hub/Editor/2021.1.19f1/Editor/Data/Managed'
Mono path[1] = 'C:/Program Files/Unity/Hub/Editor/2021.1.19f1/Editor/Data/MonoBleedingEdge/lib/mono/unityjit'
Mono config path = 'C:/Program Files/Unity/Hub/Editor/2021.1.19f1/Editor/Data/MonoBleedingEdge/etc'
Using monoOptions --debugger-agent=transport=dt_socket,embedding=1,server=y,suspend=n,address=127.0.0.1:56832
Begin MonoManager ReloadAssembly
Registering precompiled unity dll's ...
Register platform support module: C:/Program Files/Unity/Hub/Editor/2021.1.19f1/Editor/Data/PlaybackEngines/WebGLSupport/UnityEditor.WebGL.Extensions.dll
Register platform support module: C:/Program Files/Unity/Hub/Editor/2021.1.19f1/Editor/Data/PlaybackEngines/WindowsStandaloneSupport/UnityEditor.WindowsStandalone.Extensions.dll
Registered in 0.009671 seconds.
Native extension for WindowsStandalone target not found
Native extension for WebGL target not found
Refreshing native plugins compatible for Editor in 163.66 ms, found 4 plugins.
Preloading 0 native plugins for Editor in 0.00 ms.
Mono: successfully reloaded assembly
- Completed reload, in  5.315 seconds
Domain Reload Profiling:
	ReloadAssembly (5315ms)
		BeginReloadAssembly (147ms)
			ExecutionOrderSort (0ms)
			DisableScriptedObjects (0ms)
			BackupInstance (0ms)
			ReleaseScriptingObjects (0ms)
			CreateAndSetChildDomain (1ms)
		EndReloadAssembly (696ms)
			LoadAssemblies (145ms)
			RebuildTransferFunctionScriptingTraits (0ms)
			SetupTypeCache (227ms)
			ReleaseScriptCaches (0ms)
			RebuildScriptCaches (35ms)
			SetupLoadedEditorAssemblies (357ms)
				LogAssemblyErrors (0ms)
				InitializePlatformSupportModulesInManaged (10ms)
				SetLoadedEditorAssemblies (0ms)
				RefreshPlugins (164ms)
				BeforeProcessingInitializeOnLoad (2ms)
				ProcessInitializeOnLoadAttributes (137ms)
				ProcessInitializeOnLoadMethodAttributes (43ms)
				AfterProcessingInitializeOnLoad (0ms)
				EditorAssembliesLoaded (0ms)
			ExecutionOrderSort2 (0ms)
			AwakeInstancesAfterBackupRestoration (0ms)
Platform modules already initialized, skipping
Registering precompiled user dll's ...
Registered in 0.020183 seconds.
Begin MonoManager ReloadAssembly
Symbol file LoadedFromMemory doesn't match image C:\Users\Abdul\Documents\1 GBC\Yr 3 Sem 1\Mobile Game Dev\GAME2014_A2\Library\PackageCache\com.unity.visualscripting@1.6.1\Editor\VisualScripting.Core\Dependencies\YamlDotNet\Unity.VisualScripting.YamlDotNet.dll
Symbol file LoadedFromMemory doesn't match image C:\Users\Abdul\Documents\1 GBC\Yr 3 Sem 1\Mobile Game Dev\GAME2014_A2\Library\PackageCache\com.unity.visualscripting@1.6.1\Editor\VisualScripting.Core\Dependencies\DotNetZip\Unity.VisualScripting.IonicZip.dll
Native extension for WindowsStandalone target not found
Native extension for WebGL target not found
Refreshing native plugins compatible for Editor in 133.00 ms, found 4 plugins.
Preloading 0 native plugins for Editor in 0.00 ms.
Mono: successfully reloaded assembly
- Completed reload, in  1.859 seconds
Domain Reload Profiling:
	ReloadAssembly (1859ms)
		BeginReloadAssembly (235ms)
			ExecutionOrderSort (0ms)
			DisableScriptedObjects (6ms)
			BackupInstance (0ms)
			ReleaseScriptingObjects (0ms)
			CreateAndSetChildDomain (31ms)
		EndReloadAssembly (1526ms)
			LoadAssemblies (238ms)
			RebuildTransferFunctionScriptingTraits (0ms)
			SetupTypeCache (496ms)
			ReleaseScriptCaches (1ms)
			RebuildScriptCaches (65ms)
			SetupLoadedEditorAssemblies (618ms)
				LogAssemblyErrors (0ms)
				InitializePlatformSupportModulesInManaged (6ms)
				SetLoadedEditorAssemblies (0ms)
				RefreshPlugins (133ms)
				BeforeProcessingInitializeOnLoad (123ms)
				ProcessInitializeOnLoadAttributes (317ms)
				ProcessInitializeOnLoadMethodAttributes (25ms)
				AfterProcessingInitializeOnLoad (14ms)
				EditorAssembliesLoaded (0ms)
			ExecutionOrderSort2 (0ms)
			AwakeInstancesAfterBackupRestoration (9ms)
Platform modules already initialized, skipping
========================================================================
Worker process is ready to serve import requests
Launched and connected shader compiler UnityShaderCompiler.exe after 0.09 seconds
Refreshing native plugins compatible for Editor in 1.21 ms, found 4 plugins.
Preloading 0 native plugins for Editor in 0.00 ms.
Unloading 3690 Unused Serialized files (Serialized files now loaded: 0)
System memory in use before: 137.0 MB.
System memory in use after: 137.3 MB.

Unloading 30 unused Assets to reduce memory usage. Loaded Objects now: 4140.
Total: 7.101100 ms (FindLiveObjects: 0.459800 ms CreateObjectMapping: 0.209300 ms MarkObjects: 6.331000 ms  DeleteObjects: 0.099100 ms)

AssetImportParameters requested are different than current active one (requested -> active):
  custom:framework-win-MediaFoundation: 216162199b28c13a410421893ffa2e32 -> 
  custom:video-decoder-ogg-theora: a1e56fd34408186e4bbccfd4996cb3dc -> 
  custom:container-muxer-webm: aa71ff27fc2769a1b78a27578f13a17b -> 
  custom:container-demuxer-webm: 4f35f7cbe854078d1ac9338744f61a02 -> 
  custom:container-demuxer-ogg: 62fdf1f143b41e24485cea50d1cbac27 -> 
  custom:video-encoder-webm-vp8: eb34c28f22e8b96e1ab97ce403110664 -> 
  custom:video-decoder-webm-vp8: 9c59270c3fd7afecdb556c50c9e8de78 -> 
  custom:audio-decoder-ogg-vorbis: bf7c407c2cedff20999df2af8eb42d56 -> 
  custom:audio-encoder-webm-vorbis: bf7c407c2cedff20999df2af8eb42d56 -> 
========================================================================
Received Import Request.
  path: Assets/Tile Sprites/Woods.prefab
  artifactKey: Guid(93cfefe1eccb10b45aaf4b8bb6a0a50b) Importer(815301076,1909f56bfc062723c751e8b465ee728b)
Start importing Assets/Tile Sprites/Woods.prefab using Guid(93cfefe1eccb10b45aaf4b8bb6a0a50b) Importer(815301076,1909f56bfc062723c751e8b465ee728b)  -> (artifact id: '354a4105514790627578520fa0e70056') in 0.389233 seconds 
========================================================================
Received Import Request.
  Time since last request: 90.975635 seconds.
  path: Assets/Sunnyland/artwork/Environment/tileset-sliced.png
  artifactKey: Guid(261212b977f594d5dbc48631a5c1295c) Importer(815301076,1909f56bfc062723c751e8b465ee728b)
Start importing Assets/Sunnyland/artwork/Environment/tileset-sliced.png using Guid(261212b977f594d5dbc48631a5c1295c) Importer(815301076,1909f56bfc062723c751e8b465ee728b)  -> (artifact id: '8b7ea0ea541596ab99f6a7f7a82613d8') in 0.543889 seconds 
========================================================================
Received Import Request.
  Time since last request: 27.705026 seconds.
  path: Assets/Sunnyland/artwork/Environment/tileset-sliced.png
  artifactKey: Guid(261212b977f594d5dbc48631a5c1295c) Importer(815301076,1909f56bfc062723c751e8b465ee728b)
Start importing Assets/Sunnyland/artwork/Environment/tileset-sliced.png using Guid(261212b977f594d5dbc48631a5c1295c) Importer(815301076,1909f56bfc062723c751e8b465ee728b)  -> (artifact id: '342bbdb96fd4c6420d2d4d2e9c9f6e4d') in 0.423642 seconds 
========================================================================
Received Import Request.
  Time since last request: 241.755763 seconds.
  path: Assets/Tile Sprites/Woods/Woods.prefab
  artifactKey: Guid(09216521ad01ddb4eb0086083dbb779a) Importer(815301076,1909f56bfc062723c751e8b465ee728b)
Start importing Assets/Tile Sprites/Woods/Woods.prefab using Guid(09216521ad01ddb4eb0086083dbb779a) Importer(815301076,1909f56bfc062723c751e8b465ee728b)  -> (artifact id: '628d55eb75e53cdd872ab607b87363f4') in 0.017652 seconds 
========================================================================
Received Import Request.
  Time since last request: 100.413601 seconds.
  path: Assets/Tile Sprites/Woods/tileset-sliced_0.asset
  artifactKey: Guid(cdb26d837e652ae4a96ee65e2f561d64) Importer(815301076,1909f56bfc062723c751e8b465ee728b)
Start importing Assets/Tile Sprites/Woods/tileset-sliced_0.asset using Guid(cdb26d837e652ae4a96ee65e2f561d64) Importer(815301076,1909f56bfc062723c751e8b465ee728b)  -> (artifact id: '867c2631a8bc6d015135efd89f2b73f2') in 0.029364 seconds 
========================================================================
Received Import Request.
  Time since last request: 32.120398 seconds.
  path: Assets/Sunnyland/artwork/Environment/props/bush.png
  artifactKey: Guid(ecc204495234d40f091d828790c56287) Importer(815301076,1909f56bfc062723c751e8b465ee728b)
Start importing Assets/Sunnyland/artwork/Environment/props/bush.png using Guid(ecc204495234d40f091d828790c56287) Importer(815301076,1909f56bfc062723c751e8b465ee728b)  -> (artifact id: '11acd318b1029e020f91b092ba3e6bbf') in 0.016853 seconds 
========================================================================
Received Import Request.
  Time since last request: 27.146805 seconds.
  path: Assets/Sunnyland/artwork/Environment/middle.png
  artifactKey: Guid(de41d366c687a46beb6a9acaa88c12db) Importer(815301076,1909f56bfc062723c751e8b465ee728b)
Start importing Assets/Sunnyland/artwork/Environment/middle.png using Guid(de41d366c687a46beb6a9acaa88c12db) Importer(815301076,1909f56bfc062723c751e8b465ee728b)  -> (artifact id: 'f9ef967f0569fb967ae5ce10720a0a6d') in 0.018518 seconds 
========================================================================
Received Import Request.
  Time since last request: 3.187408 seconds.
  path: Assets/Sunnyland/artwork/Environment/props
  artifactKey: Guid(15e7312e0607f4e84aeacdc44a70744c) Importer(815301076,1909f56bfc062723c751e8b465ee728b)
Start importing Assets/Sunnyland/artwork/Environment/props using Guid(15e7312e0607f4e84aeacdc44a70744c) Importer(815301076,1909f56bfc062723c751e8b465ee728b)  -> (artifact id: '1ef14071724558cefaa6476b5eb4eae9') in 0.005838 seconds 
========================================================================
Received Import Request.
  Time since last request: 4.214342 seconds.
  path: Assets/Sunnyland/artwork/Environment/props/tree.png
  artifactKey: Guid(f7187675ec12e4aacaeb0e97ad31230a) Importer(815301076,1909f56bfc062723c751e8b465ee728b)
Start importing Assets/Sunnyland/artwork/Environment/props/tree.png using Guid(f7187675ec12e4aacaeb0e97ad31230a) Importer(815301076,1909f56bfc062723c751e8b465ee728b)  -> (artifact id: 'dbebd44d5a1db038d0314ebdc60c26f4') in 0.019940 seconds 
========================================================================
Received Prepare
Refreshing native plugins compatible for Editor in 53.92 ms, found 4 plugins.
Preloading 0 native plugins for Editor in 0.00 ms.
Unloading 16 Unused Serialized files (Serialized files now loaded: 0)
System memory in use before: 68.6 MB.
System memory in use after: 68.8 MB.

Unloading 16 unused Assets to reduce memory usage. Loaded Objects now: 4164.
Total: 10.915200 ms (FindLiveObjects: 0.522100 ms CreateObjectMapping: 0.311500 ms MarkObjects: 10.037600 ms  DeleteObjects: 0.041600 ms)

AssetImportParameters requested are different than current active one (requested -> active):
  custom:framework-win-MediaFoundation: 216162199b28c13a410421893ffa2e32 -> 
  custom:video-decoder-ogg-theora: a1e56fd34408186e4bbccfd4996cb3dc -> 
  custom:container-muxer-webm: aa71ff27fc2769a1b78a27578f13a17b -> 
  custom:container-demuxer-webm: 4f35f7cbe854078d1ac9338744f61a02 -> 
  custom:container-demuxer-ogg: 62fdf1f143b41e24485cea50d1cbac27 -> 
  custom:video-encoder-webm-vp8: eb34c28f22e8b96e1ab97ce403110664 -> 
  custom:video-decoder-webm-vp8: 9c59270c3fd7afecdb556c50c9e8de78 -> 
  custom:audio-decoder-ogg-vorbis: bf7c407c2cedff20999df2af8eb42d56 -> 
  custom:audio-encoder-webm-vorbis: bf7c407c2cedff20999df2af8eb42d56 -> 
========================================================================
Received Prepare
Refreshing native plugins compatible for Editor in 9.37 ms, found 4 plugins.
Preloading 0 native plugins for Editor in 0.00 ms.
Unloading 16 Unused Serialized files (Serialized files now loaded: 0)
System memory in use before: 68.6 MB.
System memory in use after: 68.8 MB.

Unloading 16 unused Assets to reduce memory usage. Loaded Objects now: 4164.
Total: 6.452100 ms (FindLiveObjects: 0.393600 ms CreateObjectMapping: 0.155100 ms MarkObjects: 5.874000 ms  DeleteObjects: 0.028000 ms)

AssetImportParameters requested are different than current active one (requested -> active):
  custom:framework-win-MediaFoundation: 216162199b28c13a410421893ffa2e32 -> 
  custom:video-decoder-ogg-theora: a1e56fd34408186e4bbccfd4996cb3dc -> 
  custom:container-muxer-webm: aa71ff27fc2769a1b78a27578f13a17b -> 
  custom:container-demuxer-webm: 4f35f7cbe854078d1ac9338744f61a02 -> 
  custom:container-demuxer-ogg: 62fdf1f143b41e24485cea50d1cbac27 -> 
  custom:video-encoder-webm-vp8: eb34c28f22e8b96e1ab97ce403110664 -> 
  custom:video-decoder-webm-vp8: 9c59270c3fd7afecdb556c50c9e8de78 -> 
  custom:audio-decoder-ogg-vorbis: bf7c407c2cedff20999df2af8eb42d56 -> 
  custom:audio-encoder-webm-vorbis: bf7c407c2cedff20999df2af8eb42d56 -> 
========================================================================
Received Import Request.
  Time since last request: 1234.490042 seconds.
  path: Assets/sunnyland woods/Environment/bg-trees.png
  artifactKey: Guid(5fd9fcf9b037543179fd139164f4b877) Importer(815301076,1909f56bfc062723c751e8b465ee728b)
Start importing Assets/sunnyland woods/Environment/bg-trees.png using Guid(5fd9fcf9b037543179fd139164f4b877) Importer(815301076,1909f56bfc062723c751e8b465ee728b)  -> (artifact id: '6880f22dedb29a7c33aaa6de56902887') in 0.087627 seconds 
========================================================================
Received Import Request.
  Time since last request: 25.920112 seconds.
  path: Assets/sunnyland woods/Environment/bg-clouds.png
  artifactKey: Guid(fb85ac9b37ba441f595e87addbf59d4d) Importer(815301076,1909f56bfc062723c751e8b465ee728b)
Start importing Assets/sunnyland woods/Environment/bg-clouds.png using Guid(fb85ac9b37ba441f595e87addbf59d4d) Importer(815301076,1909f56bfc062723c751e8b465ee728b)  -> (artifact id: '2dbe5709cf248e058dc2bd4bc4aa6997') in 0.020420 seconds 
========================================================================
Received Import Request.
  Time since last request: 1663.958139 seconds.
  path: Assets/sunnyland woods/Environment/tileset-sliced.png
  artifactKey: Guid(9a3f72f076ab840149080d30379776b2) Importer(815301076,1909f56bfc062723c751e8b465ee728b)
Start importing Assets/sunnyland woods/Environment/tileset-sliced.png using Guid(9a3f72f076ab840149080d30379776b2) Importer(815301076,1909f56bfc062723c751e8b465ee728b)  -> (artifact id: '37375873f5d3e0dc10525016e4d0b96b') in 0.606728 seconds 
========================================================================
Received Import Request.
  Time since last request: 240.682831 seconds.
  path: Assets/sunnyland woods/Sprites/player/run/player-run-1.png
  artifactKey: Guid(060cfe22d7728413eadda1be34972689) Importer(815301076,1909f56bfc062723c751e8b465ee728b)
Start importing Assets/sunnyland woods/Sprites/player/run/player-run-1.png using Guid(060cfe22d7728413eadda1be34972689) Importer(815301076,1909f56bfc062723c751e8b465ee728b)  -> (artifact id: 'd542e4bfd8aa10bbfaafd5433a34e959') in 0.033735 seconds 
========================================================================
Received Import Request.
  Time since last request: 36.860858 seconds.
  path: Assets/sunnyland woods/Sprites/player/idle/player-idle-1.png
  artifactKey: Guid(f00b4747e194d43ebba76abc9ea17f57) Importer(815301076,1909f56bfc062723c751e8b465ee728b)
Start importing Assets/sunnyland woods/Sprites/player/idle/player-idle-1.png using Guid(f00b4747e194d43ebba76abc9ea17f57) Importer(815301076,1909f56bfc062723c751e8b465ee728b)  -> (artifact id: '7f32cebe1c2b426d7a134acfdc2660c8') in 0.022725 seconds 
========================================================================
Received Import Request.
  Time since last request: 239.068985 seconds.
  path: Assets/Sunnyland/artwork/Sprites/player/idle/player-idle-1.png
  artifactKey: Guid(72de0c64f2c6a498096698322c976a67) Importer(815301076,1909f56bfc062723c751e8b465ee728b)
Start importing Assets/Sunnyland/artwork/Sprites/player/idle/player-idle-1.png using Guid(72de0c64f2c6a498096698322c976a67) Importer(815301076,1909f56bfc062723c751e8b465ee728b)  -> (artifact id: '02a7885f4e8d4d27098cfa708a82a244') in 0.020783 seconds 
========================================================================
Received Import Request.
  Time since last request: 11.253107 seconds.
  path: Assets/Sunnyland/artwork/Sprites/player/idle/player-idle-1.png
  artifactKey: Guid(72de0c64f2c6a498096698322c976a67) Importer(815301076,1909f56bfc062723c751e8b465ee728b)
Start importing Assets/Sunnyland/artwork/Sprites/player/idle/player-idle-1.png using Guid(72de0c64f2c6a498096698322c976a67) Importer(815301076,1909f56bfc062723c751e8b465ee728b)  -> (artifact id: '14397b7b0a16f463913231481c34b6c0') in 0.015870 seconds 
========================================================================
Received Import Request.
  Time since last request: 4726.109910 seconds.
  path: Assets/Prefabs/Left Branch.prefab
  artifactKey: Guid(da834edff09584146b32fe79222cc464) Importer(815301076,1909f56bfc062723c751e8b465ee728b)
Start importing Assets/Prefabs/Left Branch.prefab using Guid(da834edff09584146b32fe79222cc464) Importer(815301076,1909f56bfc062723c751e8b465ee728b)  -> (artifact id: 'f9a02c254695126f66b0283b08d8e2ba') in 0.125762 seconds 
========================================================================
Received Import Request.
  Time since last request: 991.509356 seconds.
  path: Assets/Prefabs/Right Branch.prefab
  artifactKey: Guid(d4c84231da833a2498d569c251811444) Importer(815301076,1909f56bfc062723c751e8b465ee728b)
Start importing Assets/Prefabs/Right Branch.prefab using Guid(d4c84231da833a2498d569c251811444) Importer(815301076,1909f56bfc062723c751e8b465ee728b)  -> (artifact id: 'eb12d353d242ef1c0487a3a4facf19a3') in 0.045383 seconds 
========================================================================
Received Import Request.
  Time since last request: 275.592769 seconds.
  path: ProjectSettings/TagManager.asset
  artifactKey: Guid(00000000000000003000000000000000) Importer(815301076,1909f56bfc062723c751e8b465ee728b)
Start importing ProjectSettings/TagManager.asset using Guid(00000000000000003000000000000000) Importer(815301076,1909f56bfc062723c751e8b465ee728b)  -> (artifact id: 'c310e01f48445a733c6963a9f5d0be6c') in 0.010890 seconds 
========================================================================
Received Import Request.
  Time since last request: 247.593081 seconds.
  path: Assets/Tile Sprites/Branches/Branches.prefab
  artifactKey: Guid(8ecf6fd16412e6243917cbc50a65702e) Importer(815301076,1909f56bfc062723c751e8b465ee728b)
Start importing Assets/Tile Sprites/Branches/Branches.prefab using Guid(8ecf6fd16412e6243917cbc50a65702e) Importer(815301076,1909f56bfc062723c751e8b465ee728b)  -> (artifact id: '71dc2879eb9d0c8528336e384956e320') in 0.039173 seconds 
========================================================================
Received Import Request.
  Time since last request: 407.309328 seconds.
  path: Assets/sunnyland woods/Environment/props-sliced/leaves.png
  artifactKey: Guid(4d280c4f09e7541b988b2f5707b8cb37) Importer(815301076,1909f56bfc062723c751e8b465ee728b)
Start importing Assets/sunnyland woods/Environment/props-sliced/leaves.png using Guid(4d280c4f09e7541b988b2f5707b8cb37) Importer(815301076,1909f56bfc062723c751e8b465ee728b)  -> (artifact id: '85b47a6444c65eb76256f8eb87426cfd') in 0.026392 seconds 
========================================================================
Received Import Request.
  Time since last request: 47.092419 seconds.
  path: Assets/sunnyland woods/Environment/props-sliced/leaves.png
  artifactKey: Guid(4d280c4f09e7541b988b2f5707b8cb37) Importer(815301076,1909f56bfc062723c751e8b465ee728b)
Start importing Assets/sunnyland woods/Environment/props-sliced/leaves.png using Guid(4d280c4f09e7541b988b2f5707b8cb37) Importer(815301076,1909f56bfc062723c751e8b465ee728b)  -> (artifact id: '4dde9646a7cd9afd67a33c695c10058f') in 0.030421 seconds 
========================================================================
Received Import Request.
  Time since last request: 155.445798 seconds.
  path: Assets/Prefabs/Left Branch.prefab
  artifactKey: Guid(da834edff09584146b32fe79222cc464) Importer(815301076,1909f56bfc062723c751e8b465ee728b)
Start importing Assets/Prefabs/Left Branch.prefab using Guid(da834edff09584146b32fe79222cc464) Importer(815301076,1909f56bfc062723c751e8b465ee728b)  -> (artifact id: '50add63e5735ef151b8d52c957298e9d') in 0.045380 seconds 
========================================================================
Received Import Request.
  Time since last request: 7.110132 seconds.
  path: Assets/Prefabs/Right Branch.prefab
  artifactKey: Guid(da834edff09584146b32fe79222cc464) Importer(815301076,1909f56bfc062723c751e8b465ee728b)
Start importing Assets/Prefabs/Right Branch.prefab using Guid(da834edff09584146b32fe79222cc464) Importer(815301076,1909f56bfc062723c751e8b465ee728b)  -> (artifact id: 'a3463e3c24396a58eb8ddb25512e301f') in 0.027985 seconds 
========================================================================
Received Import Request.
  Time since last request: 1.854006 seconds.
  path: Assets/Prefabs/Branch.prefab
  artifactKey: Guid(d4c84231da833a2498d569c251811444) Importer(815301076,1909f56bfc062723c751e8b465ee728b)
Start importing Assets/Prefabs/Branch.prefab using Guid(d4c84231da833a2498d569c251811444) Importer(815301076,1909f56bfc062723c751e8b465ee728b)  -> (artifact id: '2aa1c488eb1c9a129f242156b00b55bc') in 0.025697 seconds 
========================================================================
Received Import Request.
  Time since last request: 5.555048 seconds.
  path: Assets/Prefabs/Left Branch.prefab
  artifactKey: Guid(d4c84231da833a2498d569c251811444) Importer(815301076,1909f56bfc062723c751e8b465ee728b)
Start importing Assets/Prefabs/Left Branch.prefab using Guid(d4c84231da833a2498d569c251811444) Importer(815301076,1909f56bfc062723c751e8b465ee728b)  -> (artifact id: '1a7154b9be6d50857f534a819f3ad002') in 0.026946 seconds 
========================================================================
Received Import Request.
  Time since last request: 485.737912 seconds.
  path: Assets/Branch Leaves.prefab
  artifactKey: Guid(9df8af79d98034843b8b8624b5b664fa) Importer(815301076,1909f56bfc062723c751e8b465ee728b)
Start importing Assets/Branch Leaves.prefab using Guid(9df8af79d98034843b8b8624b5b664fa) Importer(815301076,1909f56bfc062723c751e8b465ee728b)  -> (artifact id: '7f8075ecc038c922e5ef36e1be265f8b') in 0.033883 seconds 
========================================================================
Received Import Request.
  Time since last request: 13.654271 seconds.
  path: Assets/Prefabs/Branch Leaves.prefab
  artifactKey: Guid(9df8af79d98034843b8b8624b5b664fa) Importer(815301076,1909f56bfc062723c751e8b465ee728b)
Start importing Assets/Prefabs/Branch Leaves.prefab using Guid(9df8af79d98034843b8b8624b5b664fa) Importer(815301076,1909f56bfc062723c751e8b465ee728b)  -> (artifact id: 'f4899f52d69a9ddd82277d42cc367e72') in 0.021298 seconds 
AssetImportWorkerClient::OnTransportError - code=2 error=End of file
